# JRE version: OpenJDK Runtime Environment (11.0.8+10) (build 11.0.8+10-b944.6842174)
# Java VM: OpenJDK 64-Bit Server VM (11.0.8+10-b944.6842174, mixed mode, tiered, compressed oops, g1 gc, windows-amd64)
Heap:
 garbage-first heap   total 194560K, used 154870K [0x0000000080000000, 0x0000000100000000)
  region size 1024K, 64 young (65536K), 4 survivors (4096K)
 Metaspace       used 95324K, capacity 97568K, committed 97740K, reserved 1134592K
  class space    used 11601K, capacity 12376K, committed 12492K, reserved 1048576K
GC Heap History (20 events):
Event: 118.228 GC heap after
{Heap after GC invocations=35 (full 1):
 garbage-first heap   total 194560K, used 95893K [0x0000000080000000, 0x0000000100000000)
  region size 1024K, 5 young (5120K), 5 survivors (5120K)
 Metaspace       used 94444K, capacity 96699K, committed 96972K, reserved 1134592K
  class space    used 11555K, capacity 12316K, committed 12492K, reserved 1048576K
}
Event: 132.627 GC heap before
{Heap before GC invocations=36 (full 1):
 garbage-first heap   total 194560K, used 137574K [0x0000000080000000, 0x0000000100000000)
  region size 1024K, 60 young (61440K), 5 survivors (5120K)
 Metaspace       used 94865K, capacity 97176K, committed 97484K, reserved 1134592K
  class space    used 11591K, capacity 12360K, committed 12492K, reserved 1048576K
}
Event: 132.632 GC heap after
{Heap after GC invocations=37 (full 1):
 garbage-first heap   total 194560K, used 82122K [0x0000000080000000, 0x0000000100000000)
  region size 1024K, 4 young (4096K), 4 survivors (4096K)
 Metaspace       used 94865K, capacity 97176K, committed 97484K, reserved 1134592K
  class space    used 11591K, capacity 12360K, committed 12492K, reserved 1048576K
}
Event: 192.391 GC heap before
{Heap before GC invocations=37 (full 1):
 garbage-first heap   total 194560K, used 86218K [0x0000000080000000, 0x0000000100000000)
  region size 1024K, 9 young (9216K), 4 survivors (4096K)
 Metaspace       used 94902K, capacity 97176K, committed 97484K, reserved 1134592K
  class space    used 11591K, capacity 12360K, committed 12492K, reserved 1048576K
}
Event: 192.398 GC heap after
{Heap after GC invocations=38 (full 1):
 garbage-first heap   total 194560K, used 74102K [0x0000000080000000, 0x0000000100000000)
  region size 1024K, 2 young (2048K), 2 survivors (2048K)
 Metaspace       used 94902K, capacity 97176K, committed 97484K, reserved 1134592K
  class space    used 11591K, capacity 12360K, committed 12492K, reserved 1048576K
}
Event: 193.352 GC heap before
{Heap before GC invocations=38 (full 1):
 garbage-first heap   total 194560K, used 144758K [0x0000000080000000, 0x0000000100000000)
  region size 1024K, 72 young (73728K), 2 survivors (2048K)
 Metaspace       used 95095K, capacity 97342K, committed 97484K, reserved 1134592K
  class space    used 11595K, capacity 12367K, committed 12492K, reserved 1048576K
}
Event: 193.361 GC heap after
{Heap after GC invocations=39 (full 1):
 garbage-first heap   total 194560K, used 77756K [0x0000000080000000, 0x0000000100000000)
  region size 1024K, 5 young (5120K), 5 survivors (5120K)
 Metaspace       used 95095K, capacity 97342K, committed 97484K, reserved 1134592K
  class space    used 11595K, capacity 12367K, committed 12492K, reserved 1048576K
}
Event: 194.114 GC heap before
{Heap before GC invocations=39 (full 1):
 garbage-first heap   total 194560K, used 148412K [0x0000000080000000, 0x0000000100000000)
  region size 1024K, 75 young (76800K), 5 survivors (5120K)
 Metaspace       used 95117K, capacity 97345K, committed 97484K, reserved 1134592K
  class space    used 11597K, capacity 12368K, committed 12492K, reserved 1048576K
}
Event: 194.149 GC heap after
{Heap after GC invocations=40 (full 1):
 garbage-first heap   total 194560K, used 84884K [0x0000000080000000, 0x0000000100000000)
  region size 1024K, 10 young (10240K), 10 survivors (10240K)
 Metaspace       used 95117K, capacity 97345K, committed 97484K, reserved 1134592K
  class space    used 11597K, capacity 12368K, committed 12492K, reserved 1048576K
}
Event: 194.822 GC heap before
{Heap before GC invocations=41 (full 1):
 garbage-first heap   total 194560K, used 153492K [0x0000000080000000, 0x0000000100000000)
  region size 1024K, 75 young (76800K), 10 survivors (10240K)
 Metaspace       used 95118K, capacity 97345K, committed 97484K, reserved 1134592K
  class space    used 11597K, capacity 12368K, committed 12492K, reserved 1048576K
}
Event: 194.841 GC heap after
{Heap after GC invocations=42 (full 1):
 garbage-first heap   total 194560K, used 96423K [0x0000000080000000, 0x0000000100000000)
  region size 1024K, 10 young (10240K), 10 survivors (10240K)
 Metaspace       used 95118K, capacity 97345K, committed 97484K, reserved 1134592K
  class space    used 11597K, capacity 12368K, committed 12492K, reserved 1048576K
}
Event: 194.845 GC heap before
{Heap before GC invocations=42 (full 1):
 garbage-first heap   total 194560K, used 97447K [0x0000000080000000, 0x0000000100000000)
  region size 1024K, 11 young (11264K), 10 survivors (10240K)
 Metaspace       used 95118K, capacity 97345K, committed 97484K, reserved 1134592K
  class space    used 11597K, capacity 12368K, committed 12492K, reserved 1048576K
}
Event: 194.858 GC heap after
{Heap after GC invocations=43 (full 1):
 garbage-first heap   total 194560K, used 89043K [0x0000000080000000, 0x0000000100000000)
  region size 1024K, 1 young (1024K), 1 survivors (1024K)
 Metaspace       used 95118K, capacity 97345K, committed 97484K, reserved 1134592K
  class space    used 11597K, capacity 12368K, committed 12492K, reserved 1048576K
}
Event: 194.923 GC heap before
{Heap before GC invocations=43 (full 1):
 garbage-first heap   total 194560K, used 94163K [0x0000000080000000, 0x0000000100000000)
  region size 1024K, 7 young (7168K), 1 survivors (1024K)
 Metaspace       used 95119K, capacity 97345K, committed 97484K, reserved 1134592K
  class space    used 11597K, capacity 12368K, committed 12492K, reserved 1048576K
}
Event: 194.932 GC heap after
{Heap after GC invocations=44 (full 1):
 garbage-first heap   total 194560K, used 90080K [0x0000000080000000, 0x0000000100000000)
  region size 1024K, 2 young (2048K), 2 survivors (2048K)
 Metaspace       used 95119K, capacity 97345K, committed 97484K, reserved 1134592K
  class space    used 11597K, capacity 12368K, committed 12492K, reserved 1048576K
}
Event: 195.794 GC heap before
{Heap before GC invocations=45 (full 1):
 garbage-first heap   total 194560K, used 176096K [0x0000000080000000, 0x0000000100000000)
  region size 1024K, 63 young (64512K), 2 survivors (2048K)
 Metaspace       used 95258K, capacity 97473K, committed 97740K, reserved 1134592K
  class space    used 11597K, capacity 12368K, committed 12492K, reserved 1048576K
}
Event: 195.810 GC heap after
{Heap after GC invocations=46 (full 1):
 garbage-first heap   total 194560K, used 93562K [0x0000000080000000, 0x0000000100000000)
  region size 1024K, 6 young (6144K), 6 survivors (6144K)
 Metaspace       used 95258K, capacity 97473K, committed 97740K, reserved 1134592K
  class space    used 11597K, capacity 12368K, committed 12492K, reserved 1048576K
}
Event: 195.830 GC heap before
{Heap before GC invocations=46 (full 1):
 garbage-first heap   total 194560K, used 96634K [0x0000000080000000, 0x0000000100000000)
  region size 1024K, 9 young (9216K), 6 survivors (6144K)
 Metaspace       used 95258K, capacity 97473K, committed 97740K, reserved 1134592K
  class space    used 11597K, capacity 12368K, committed 12492K, reserved 1048576K
}
Event: 195.841 GC heap after
{Heap after GC invocations=47 (full 1):
 garbage-first heap   total 194560K, used 93430K [0x0000000080000000, 0x0000000100000000)
  region size 1024K, 1 young (1024K), 1 survivors (1024K)
 Metaspace       used 95258K, capacity 97473K, committed 97740K, reserved 1134592K
  class space    used 11597K, capacity 12368K, committed 12492K, reserved 1048576K
}
Event: 196.501 GC heap before
{Heap before GC invocations=47 (full 1):
 garbage-first heap   total 194560K, used 153846K [0x0000000080000000, 0x0000000100000000)
  region size 1024K, 61 young (62464K), 1 survivors (1024K)
 Metaspace       used 95324K, capacity 97568K, committed 97740K, reserved 1134592K
  class space    used 11601K, capacity 12376K, committed 12492K, reserved 1048576K
}

