# JRE version: OpenJDK Runtime Environment (11.0.8+10) (build 11.0.8+10-b944.6842174)
# Java VM: OpenJDK 64-Bit Server VM (11.0.8+10-b944.6842174, mixed mode, tiered, compressed oops, g1 gc, windows-amd64)
Heap:
 garbage-first heap   total 217088K, used 155982K [0x0000000080000000, 0x0000000100000000)
  region size 1024K, 49 young (50176K), 1 survivors (1024K)
 Metaspace       used 119209K, capacity 122637K, committed 124452K, reserved 1157120K
  class space    used 14676K, capacity 15888K, committed 16640K, reserved 1048576K
GC Heap History (20 events):
Event: 1485.456 GC heap before
{Heap before GC invocations=80 (full 0):
 garbage-first heap   total 211968K, used 163846K [0x0000000080000000, 0x0000000100000000)
  region size 1024K, 55 young (56320K), 1 survivors (1024K)
 Metaspace       used 124361K, capacity 127486K, committed 128036K, reserved 1161216K
  class space    used 15274K, capacity 16408K, committed 16640K, reserved 1048576K
}
Event: 1485.465 GC heap after
{Heap after GC invocations=81 (full 0):
 garbage-first heap   total 211968K, used 110266K [0x0000000080000000, 0x0000000100000000)
  region size 1024K, 3 young (3072K), 3 survivors (3072K)
 Metaspace       used 124361K, capacity 127486K, committed 128036K, reserved 1161216K
  class space    used 15274K, capacity 16408K, committed 16640K, reserved 1048576K
}
Event: 1486.417 GC heap before
{Heap before GC invocations=82 (full 0):
 garbage-first heap   total 211968K, used 166586K [0x0000000080000000, 0x0000000100000000)
  region size 1024K, 59 young (60416K), 3 survivors (3072K)
 Metaspace       used 124467K, capacity 127615K, committed 128036K, reserved 1161216K
  class space    used 15275K, capacity 16408K, committed 16640K, reserved 1048576K
}
Event: 1486.428 GC heap after
{Heap after GC invocations=83 (full 0):
 garbage-first heap   total 211968K, used 113195K [0x0000000080000000, 0x0000000100000000)
  region size 1024K, 6 young (6144K), 6 survivors (6144K)
 Metaspace       used 124467K, capacity 127615K, committed 128036K, reserved 1161216K
  class space    used 15275K, capacity 16408K, committed 16640K, reserved 1048576K
}
Event: 1486.446 GC heap before
{Heap before GC invocations=83 (full 0):
 garbage-first heap   total 211968K, used 116267K [0x0000000080000000, 0x0000000100000000)
  region size 1024K, 10 young (10240K), 6 survivors (6144K)
 Metaspace       used 124467K, capacity 127615K, committed 128036K, reserved 1161216K
  class space    used 15275K, capacity 16408K, committed 16640K, reserved 1048576K
}
Event: 1486.459 GC heap after
{Heap after GC invocations=84 (full 0):
 garbage-first heap   total 211968K, used 112790K [0x0000000080000000, 0x0000000100000000)
  region size 1024K, 1 young (1024K), 1 survivors (1024K)
 Metaspace       used 124467K, capacity 127615K, committed 128036K, reserved 1161216K
  class space    used 15275K, capacity 16408K, committed 16640K, reserved 1048576K
}
Event: 1487.175 GC heap before
{Heap before GC invocations=84 (full 0):
 garbage-first heap   total 211968K, used 165014K [0x0000000080000000, 0x0000000100000000)
  region size 1024K, 54 young (55296K), 1 survivors (1024K)
 Metaspace       used 124770K, capacity 128026K, committed 128548K, reserved 1161216K
  class space    used 15278K, capacity 16411K, committed 16640K, reserved 1048576K
}
Event: 1487.182 GC heap after
{Heap after GC invocations=85 (full 0):
 garbage-first heap   total 211968K, used 113386K [0x0000000080000000, 0x0000000100000000)
  region size 1024K, 2 young (2048K), 2 survivors (2048K)
 Metaspace       used 124770K, capacity 128026K, committed 128548K, reserved 1161216K
  class space    used 15278K, capacity 16411K, committed 16640K, reserved 1048576K
}
Event: 1526.297 GC heap before
{Heap before GC invocations=86 (full 0):
 garbage-first heap   total 211968K, used 209642K [0x0000000080000000, 0x0000000100000000)
  region size 1024K, 47 young (48128K), 2 survivors (2048K)
 Metaspace       used 112754K, capacity 116012K, committed 124452K, reserved 1157120K
  class space    used 13925K, capacity 15086K, committed 16640K, reserved 1048576K
}
Event: 1526.308 GC heap after
{Heap after GC invocations=87 (full 0):
 garbage-first heap   total 217088K, used 116921K [0x0000000080000000, 0x0000000100000000)
  region size 1024K, 5 young (5120K), 5 survivors (5120K)
 Metaspace       used 112754K, capacity 116012K, committed 124452K, reserved 1157120K
  class space    used 13925K, capacity 15086K, committed 16640K, reserved 1048576K
}
Event: 1526.365 GC heap before
{Heap before GC invocations=87 (full 0):
 garbage-first heap   total 217088K, used 122041K [0x0000000080000000, 0x0000000100000000)
  region size 1024K, 10 young (10240K), 5 survivors (5120K)
 Metaspace       used 112754K, capacity 116012K, committed 124452K, reserved 1157120K
  class space    used 13925K, capacity 15086K, committed 16640K, reserved 1048576K
}
Event: 1526.381 GC heap after
{Heap after GC invocations=88 (full 0):
 garbage-first heap   total 217088K, used 94918K [0x0000000080000000, 0x0000000100000000)
  region size 1024K, 1 young (1024K), 1 survivors (1024K)
 Metaspace       used 112754K, capacity 116012K, committed 124452K, reserved 1157120K
  class space    used 13925K, capacity 15086K, committed 16640K, reserved 1048576K
}
Event: 1526.434 GC heap before
{Heap before GC invocations=88 (full 0):
 garbage-first heap   total 217088K, used 103110K [0x0000000080000000, 0x0000000100000000)
  region size 1024K, 10 young (10240K), 1 survivors (1024K)
 Metaspace       used 112754K, capacity 116012K, committed 124452K, reserved 1157120K
  class space    used 13925K, capacity 15086K, committed 16640K, reserved 1048576K
}
Event: 1526.442 GC heap after
{Heap after GC invocations=89 (full 0):
 garbage-first heap   total 217088K, used 93722K [0x0000000080000000, 0x0000000100000000)
  region size 1024K, 1 young (1024K), 1 survivors (1024K)
 Metaspace       used 112754K, capacity 116012K, committed 124452K, reserved 1157120K
  class space    used 13925K, capacity 15086K, committed 16640K, reserved 1048576K
}
Event: 1527.113 GC heap before
{Heap before GC invocations=89 (full 0):
 garbage-first heap   total 217088K, used 162330K [0x0000000080000000, 0x0000000100000000)
  region size 1024K, 70 young (71680K), 1 survivors (1024K)
 Metaspace       used 113112K, capacity 116525K, committed 124452K, reserved 1157120K
  class space    used 13997K, capacity 15216K, committed 16640K, reserved 1048576K
}
Event: 1527.121 GC heap after
{Heap after GC invocations=90 (full 0):
 garbage-first heap   total 217088K, used 97015K [0x0000000080000000, 0x0000000100000000)
  region size 1024K, 4 young (4096K), 4 survivors (4096K)
 Metaspace       used 113112K, capacity 116525K, committed 124452K, reserved 1157120K
  class space    used 13997K, capacity 15216K, committed 16640K, reserved 1048576K
}
Event: 1528.305 GC heap before
{Heap before GC invocations=91 (full 0):
 garbage-first heap   total 217088K, used 172672K [0x0000000080000000, 0x0000000100000000)
  region size 1024K, 77 young (78848K), 4 survivors (4096K)
 Metaspace       used 118296K, capacity 121741K, committed 124452K, reserved 1157120K
  class space    used 14591K, capacity 15824K, committed 16640K, reserved 1048576K
}
Event: 1528.325 GC heap after
{Heap after GC invocations=92 (full 0):
 garbage-first heap   total 217088K, used 112985K [0x0000000080000000, 0x0000000100000000)
  region size 1024K, 10 young (10240K), 10 survivors (10240K)
 Metaspace       used 118296K, capacity 121741K, committed 124452K, reserved 1157120K
  class space    used 14591K, capacity 15824K, committed 16640K, reserved 1048576K
}
Event: 1528.336 GC heap before
{Heap before GC invocations=92 (full 0):
 garbage-first heap   total 217088K, used 114009K [0x0000000080000000, 0x0000000100000000)
  region size 1024K, 11 young (11264K), 10 survivors (10240K)
 Metaspace       used 118298K, capacity 121741K, committed 124452K, reserved 1157120K
  class space    used 14591K, capacity 15824K, committed 16640K, reserved 1048576K
}
Event: 1528.363 GC heap after
{Heap after GC invocations=93 (full 0):
 garbage-first heap   total 217088K, used 107854K [0x0000000080000000, 0x0000000100000000)
  region size 1024K, 1 young (1024K), 1 survivors (1024K)
 Metaspace       used 118298K, capacity 121741K, committed 124452K, reserved 1157120K
  class space    used 14591K, capacity 15824K, committed 16640K, reserved 1048576K
}

