# JRE version: OpenJDK Runtime Environment (11.0.8+10) (build 11.0.8+10-b944.6842174)
# Java VM: OpenJDK 64-Bit Server VM (11.0.8+10-b944.6842174, mixed mode, tiered, compressed oops, g1 gc, windows-amd64)
Heap:
 garbage-first heap   total 239616K, used 182683K [0x0000000080000000, 0x0000000100000000)
  region size 1024K, 68 young (69632K), 3 survivors (3072K)
 Metaspace       used 123731K, capacity 127209K, committed 128588K, reserved 1161216K
  class space    used 14976K, capacity 16241K, committed 16512K, reserved 1048576K
GC Heap History (20 events):
Event: 909.239 GC heap before
{Heap before GC invocations=109 (full 0):
 garbage-first heap   total 239616K, used 175363K [0x0000000080000000, 0x0000000100000000)
  region size 1024K, 52 young (53248K), 1 survivors (1024K)
 Metaspace       used 123314K, capacity 126756K, committed 128588K, reserved 1161216K
  class space    used 14960K, capacity 16227K, committed 16512K, reserved 1048576K
}
Event: 909.246 GC heap after
{Heap after GC invocations=110 (full 0):
 garbage-first heap   total 239616K, used 126459K [0x0000000080000000, 0x0000000100000000)
  region size 1024K, 3 young (3072K), 3 survivors (3072K)
 Metaspace       used 123314K, capacity 126756K, committed 128588K, reserved 1161216K
  class space    used 14960K, capacity 16227K, committed 16512K, reserved 1048576K
}
Event: 910.149 GC heap before
{Heap before GC invocations=111 (full 0):
 garbage-first heap   total 239616K, used 197115K [0x0000000080000000, 0x0000000100000000)
  region size 1024K, 72 young (73728K), 3 survivors (3072K)
 Metaspace       used 123491K, capacity 126920K, committed 128588K, reserved 1161216K
  class space    used 14972K, capacity 16236K, committed 16512K, reserved 1048576K
}
Event: 910.162 GC heap after
{Heap after GC invocations=112 (full 0):
 garbage-first heap   total 239616K, used 131340K [0x0000000080000000, 0x0000000100000000)
  region size 1024K, 7 young (7168K), 7 survivors (7168K)
 Metaspace       used 123491K, capacity 126920K, committed 128588K, reserved 1161216K
  class space    used 14972K, capacity 16236K, committed 16512K, reserved 1048576K
}
Event: 910.191 GC heap before
{Heap before GC invocations=112 (full 0):
 garbage-first heap   total 239616K, used 135436K [0x0000000080000000, 0x0000000100000000)
  region size 1024K, 11 young (11264K), 7 survivors (7168K)
 Metaspace       used 123531K, capacity 126984K, committed 128588K, reserved 1161216K
  class space    used 14972K, capacity 16236K, committed 16512K, reserved 1048576K
}
Event: 910.212 GC heap after
{Heap after GC invocations=113 (full 0):
 garbage-first heap   total 239616K, used 125813K [0x0000000080000000, 0x0000000100000000)
  region size 1024K, 2 young (2048K), 2 survivors (2048K)
 Metaspace       used 123531K, capacity 126984K, committed 128588K, reserved 1161216K
  class space    used 14972K, capacity 16236K, committed 16512K, reserved 1048576K
}
Event: 910.385 GC heap before
{Heap before GC invocations=113 (full 0):
 garbage-first heap   total 239616K, used 145269K [0x0000000080000000, 0x0000000100000000)
  region size 1024K, 23 young (23552K), 2 survivors (2048K)
 Metaspace       used 123586K, capacity 127063K, committed 128588K, reserved 1161216K
  class space    used 14973K, capacity 16237K, committed 16512K, reserved 1048576K
}
Event: 910.394 GC heap after
{Heap after GC invocations=114 (full 0):
 garbage-first heap   total 239616K, used 128604K [0x0000000080000000, 0x0000000100000000)
  region size 1024K, 4 young (4096K), 4 survivors (4096K)
 Metaspace       used 123586K, capacity 127063K, committed 128588K, reserved 1161216K
  class space    used 14973K, capacity 16237K, committed 16512K, reserved 1048576K
}
Event: 911.496 GC heap before
{Heap before GC invocations=115 (full 0):
 garbage-first heap   total 239616K, used 196188K [0x0000000080000000, 0x0000000100000000)
  region size 1024K, 71 young (72704K), 4 survivors (4096K)
 Metaspace       used 123605K, capacity 127064K, committed 128588K, reserved 1161216K
  class space    used 14973K, capacity 16237K, committed 16512K, reserved 1048576K
}
Event: 911.514 GC heap after
{Heap after GC invocations=116 (full 0):
 garbage-first heap   total 239616K, used 124920K [0x0000000080000000, 0x0000000100000000)
  region size 1024K, 2 young (2048K), 2 survivors (2048K)
 Metaspace       used 123605K, capacity 127064K, committed 128588K, reserved 1161216K
  class space    used 14973K, capacity 16237K, committed 16512K, reserved 1048576K
}
Event: 911.808 GC heap before
{Heap before GC invocations=116 (full 0):
 garbage-first heap   total 239616K, used 134136K [0x0000000080000000, 0x0000000100000000)
  region size 1024K, 11 young (11264K), 2 survivors (2048K)
 Metaspace       used 123609K, capacity 127064K, committed 128588K, reserved 1161216K
  class space    used 14973K, capacity 16237K, committed 16512K, reserved 1048576K
}
Event: 911.842 GC heap after
{Heap after GC invocations=117 (full 0):
 garbage-first heap   total 239616K, used 118233K [0x0000000080000000, 0x0000000100000000)
  region size 1024K, 2 young (2048K), 2 survivors (2048K)
 Metaspace       used 123609K, capacity 127064K, committed 128588K, reserved 1161216K
  class space    used 14973K, capacity 16237K, committed 16512K, reserved 1048576K
}
Event: 914.148 GC heap before
{Heap before GC invocations=117 (full 0):
 garbage-first heap   total 239616K, used 198105K [0x0000000080000000, 0x0000000100000000)
  region size 1024K, 80 young (81920K), 2 survivors (2048K)
 Metaspace       used 123645K, capacity 127129K, committed 128588K, reserved 1161216K
  class space    used 14973K, capacity 16237K, committed 16512K, reserved 1048576K
}
Event: 914.155 GC heap after
{Heap after GC invocations=118 (full 0):
 garbage-first heap   total 239616K, used 119177K [0x0000000080000000, 0x0000000100000000)
  region size 1024K, 3 young (3072K), 3 survivors (3072K)
 Metaspace       used 123645K, capacity 127129K, committed 128588K, reserved 1161216K
  class space    used 14973K, capacity 16237K, committed 16512K, reserved 1048576K
}
Event: 915.622 GC heap before
{Heap before GC invocations=119 (full 0):
 garbage-first heap   total 239616K, used 199049K [0x0000000080000000, 0x0000000100000000)
  region size 1024K, 82 young (83968K), 3 survivors (3072K)
 Metaspace       used 123679K, capacity 127194K, committed 128588K, reserved 1161216K
  class space    used 14973K, capacity 16237K, committed 16512K, reserved 1048576K
}
Event: 915.632 GC heap after
{Heap after GC invocations=120 (full 0):
 garbage-first heap   total 239616K, used 118339K [0x0000000080000000, 0x0000000100000000)
  region size 1024K, 3 young (3072K), 3 survivors (3072K)
 Metaspace       used 123679K, capacity 127194K, committed 128588K, reserved 1161216K
  class space    used 14973K, capacity 16237K, committed 16512K, reserved 1048576K
}
Event: 915.738 GC heap before
{Heap before GC invocations=120 (full 0):
 garbage-first heap   total 239616K, used 126531K [0x0000000080000000, 0x0000000100000000)
  region size 1024K, 11 young (11264K), 3 survivors (3072K)
 Metaspace       used 123687K, capacity 127196K, committed 128588K, reserved 1161216K
  class space    used 14974K, capacity 16238K, committed 16512K, reserved 1048576K
}
Event: 915.751 GC heap after
{Heap after GC invocations=121 (full 0):
 garbage-first heap   total 239616K, used 116152K [0x0000000080000000, 0x0000000100000000)
  region size 1024K, 2 young (2048K), 2 survivors (2048K)
 Metaspace       used 123687K, capacity 127196K, committed 128588K, reserved 1161216K
  class space    used 14974K, capacity 16238K, committed 16512K, reserved 1048576K
}
Event: 916.641 GC heap before
{Heap before GC invocations=121 (full 0):
 garbage-first heap   total 239616K, used 202168K [0x0000000080000000, 0x0000000100000000)
  region size 1024K, 86 young (88064K), 2 survivors (2048K)
 Metaspace       used 123706K, capacity 127197K, committed 128588K, reserved 1161216K
  class space    used 14974K, capacity 16238K, committed 16512K, reserved 1048576K
}
Event: 916.651 GC heap after
{Heap after GC invocations=122 (full 0):
 garbage-first heap   total 239616K, used 117147K [0x0000000080000000, 0x0000000100000000)
  region size 1024K, 3 young (3072K), 3 survivors (3072K)
 Metaspace       used 123706K, capacity 127197K, committed 128588K, reserved 1161216K
  class space    used 14974K, capacity 16238K, committed 16512K, reserved 1048576K
}

